Channel: Tania Trading Academy 👑
Fetched at: 2025-12-30T20:48:18.401245
============================================================

--- Message 1 ---
ID: 19905
Date: 2025-12-30 16:31:18+00:00
Text:
(no text)

--- Message 2 ---
ID: 19904
Date: 2025-12-30 14:01:01+00:00
Text:
**It's FREE to follow me, earn your first dollars in TRADING !
No need to do more, this is simple steps !**

[**👉 Beginner GUIDE 👈**](http://taniatradingacademy.com/)
                    🖱

--- Message 3 ---
ID: 19901
Date: 2025-12-30 13:34:12+00:00
Reply to: Message ID 19899
Text:
**GOLD - TP2 reached **✅
230+ pips profit

--- Message 4 ---
ID: 19899
Date: 2025-12-30 13:17:57+00:00
Reply to: Message ID 19894
Text:
**Gold - TP1 hit**  
70+ pips profit running

--- Message 5 ---
ID: 19894
Date: 2025-12-30 13:00:51+00:00
Reply to: Message ID 19893
Text:
**GOLD - 35+ pips profit running**
Consider booking some profits

--- Message 6 ---
ID: 19893
Date: 2025-12-30 12:59:12+00:00
Text:
GOLD SELL @ 4400 - 4403  
SL 4408  
TP1 4394  
TP2 4380  
@TaniaTrading Signal ♥

--- Message 7 ---
ID: 19892
Date: 2025-12-30 12:58:30+00:00
Text:
gold sell 4399.5

--- Message 8 ---
ID: 19887
Date: 2025-12-30 09:55:26+00:00
Text:
(no text)

--- Message 9 ---
ID: 19884
Date: 2025-12-30 08:29:59+00:00
Reply to: Message ID 19875
Text:
**GOLD - TP2 HIT ****✅**
250+ pips profit

--- Message 10 ---
ID: 19878
Date: 2025-12-30 05:47:49+00:00
Reply to: Message ID 19877
Text:
**GOLD - TP1 HIT** ✅
70+ pips profit running
Hold as per the same stop loss.

